C:\Users\share\Documents\Humanoid-robot\humanoid-robot\.venv\Lib\site-packages\onnxruntime\capi\onnxruntime_inference_collection.py:147: UserWarning: Specified provider 'CUDAExecutionProvider' is not in available provider names.Available providers: 'AzureExecutionProvider, CPUExecutionProvider'
  warnings.warn(
C:\Users\share\Documents\Humanoid-robot\humanoid-robot\.venv\Lib\site-packages\insightface\utils\face_align.py:23: FutureWarning: `estimate` is deprecated since version 0.26 and will be removed in version 2.2. Please use `SimilarityTransform.from_estimate` class constructor instead.
  tform.estimate(lmk, dst)
127.0.0.1 - - [07/Jul/2026 13:31:01] "GET / HTTP/1.1" 200 -
TimeoutError: timed out while closing connection

The above exception was the direct cause of the following exception:

Traceback (most recent call last):
  File "C:\Users\share\Documents\Humanoid-robot\humanoid-robot\backend\main.py", line 224, in _run_brain
    await self.brain.run()
  File "C:\Users\share\Documents\Humanoid-robot\humanoid-robot\backend\brain_live.py", line 116, in run
    raise exc
  File "C:\Users\share\Documents\Humanoid-robot\humanoid-robot\backend\brain_live.py", line 152, in _send_video
    await self._session.send_realtime_input(
  File "C:\Users\share\Documents\Humanoid-robot\humanoid-robot\.venv\Lib\site-packages\google\genai\live.py", line 346, in send_realtime_input
    await self._ws.send(json.dumps({'realtime_input': realtime_input_dict}))
  File "C:\Users\share\Documents\Humanoid-robot\humanoid-robot\.venv\Lib\site-packages\websockets\asyncio\connection.py", line 478, in send
    async with self.send_context():
  File "C:\Users\share\AppData\Local\Programs\Python\Python311\Lib\contextlib.py", line 210, in __aenter__
    return await anext(self.gen)
           ^^^^^^^^^^^^^^^^^^^^^
  File "C:\Users\share\Documents\Humanoid-robot\humanoid-robot\.venv\Lib\site-packages\websockets\asyncio\connection.py", line 965, in send_context
    raise self.protocol.close_exc from original_exc
websockets.exceptions.ConnectionClosedError: sent 1011 (internal error) keepalive ping timeout; no close frame received
